Arguments: 
  E:\Program Files (x86)\nodeJS\node.exe C:\Users\17839\AppData\Roaming\npm\node_modules\yarn\bin\yarn.js add react@15.6.1 --save-dev

PATH: 
  C:\Program Files (x86)\Intel\iCLS Client\;C:\Program Files\Intel\iCLS Client\;C:\Windows\system32;C:\Windows;C:\Windows\System32\Wbem;C:\Windows\System32\WindowsPowerShell\v1.0\;C:\Program Files (x86)\Intel\Intel(R) Management Engine Components\DAL;C:\Program Files\Intel\Intel(R) Management Engine Components\DAL;C:\Program Files (x86)\Intel\Intel(R) Management Engine Components\IPT;C:\Program Files\Intel\Intel(R) Management Engine Components\IPT;E:\Program Files (x86)\Git\cmd;E:\Program Files (x86)\nodeJS\;E:\Program Files (x86)\Ruby23-x64\bin;C:\Users\17839\AppData\Local\Microsoft\WindowsApps;E:\Program Files (x86)\Microsoft VS Code Insiders\bin;C:\Users\17839\AppData\Roaming\npm;E:\Program Files (x86)\Microsoft VS Code\bin

Yarn version: 
  1.3.2

Node version: 
  6.10.0

Platform: 
  win32 x64

npm manifest: 
  No manifest

yarn manifest: 
  No manifest

Lockfile: 
  No lockfile

Trace: 
  Error: connect ETIMEDOUT 104.16.59.173:443
      at Object.exports._errnoException (util.js:1022:11)
      at exports._exceptionWithHostPort (util.js:1045:20)
      at TCPConnectWrap.afterConnect [as oncomplete] (net.js:1087:14)
